<?xml version="1.0" encoding="UTF-8"?>
<!-- Generated by org.testng.reporters.JUnitReportReporter -->
<testsuite skipped="0" hostname="DESKTOP-KNV2EK2" name="TestCases.TC_01_SignIn" tests="1" failures="0" timestamp="29 Jan 2019 14:08:34 GMT" time="6.193" errors="0">
  <testcase name="login" time="6.193" classname="TestCases.TC_01_SignIn"/>
</testsuite> <!-- TestCases.TC_01_SignIn -->
