<?xml version="1.0" encoding="UTF-8"?>
<!-- Generated by org.testng.reporters.JUnitReportReporter -->
<testsuite skipped="0" hostname="DESKTOP-KNV2EK2" name="TestCases.TC_01_SignIn" tests="1" failures="0" timestamp="03 Feb 2019 10:58:55 GMT" time="6.600" errors="0">
  <testcase name="login" time="6.600" classname="TestCases.TC_01_SignIn"/>
</testsuite> <!-- TestCases.TC_01_SignIn -->
