<?xml version="1.0" encoding="UTF-8"?>
<!-- Generated by org.testng.reporters.JUnitReportReporter -->
<testsuite skipped="0" hostname="DESKTOP-KNV2EK2" name="TestCases.TC_02_Flight_Booking" tests="1" failures="0" timestamp="29 Jan 2019 14:09:59 GMT" time="24.490" errors="0">
  <testcase name="bookTicket" time="24.490" classname="TestCases.TC_02_Flight_Booking"/>
</testsuite> <!-- TestCases.TC_02_Flight_Booking -->
